{"G:\\Programming Projects\\React Native\\tetrisRN\\App.js": {"path":"G:\\Programming Projects\\React Native\\tetrisRN\\App.js","statementMap":{"0":{"start":{"line":5,"column":12},"end":{"line":7,"column":1}},"1":{"start":{"line":6,"column":2},"end":{"line":6,"column":20}}},"fnMap":{"0":{"name":"(anonymous_0)","decl":{"start":{"line":5,"column":12},"end":{"line":5,"column":13}},"loc":{"start":{"line":5,"column":18},"end":{"line":7,"column":1}},"line":5}},"branchMap":{},"s":{"0":1,"1":1},"f":{"0":1},"b":{},"_coverageSchema":"1a1c01bbd47fc00a2c39e90264f33305004495a9","hash":"adf634c16d0a5de29d8c4999f3b7cf28dca21cdd"}
,"G:\\Programming Projects\\React Native\\tetrisRN\\src\\logic.js": {"path":"G:\\Programming Projects\\React Native\\tetrisRN\\src\\logic.js","statementMap":{"0":{"start":{"line":5,"column":39},"end":{"line":10,"column":1}},"1":{"start":{"line":6,"column":26},"end":{"line":6,"column":35}},"2":{"start":{"line":8,"column":22},"end":{"line":8,"column":68}},"3":{"start":{"line":9,"column":2},"end":{"line":9,"column":33}},"4":{"start":{"line":12,"column":37},"end":{"line":20,"column":1}},"5":{"start":{"line":13,"column":14},"end":{"line":13,"column":16}},"6":{"start":{"line":15,"column":2},"end":{"line":17,"column":3}},"7":{"start":{"line":15,"column":15},"end":{"line":15,"column":16}},"8":{"start":{"line":16,"column":4},"end":{"line":16,"column":40}},"9":{"start":{"line":19,"column":2},"end":{"line":19,"column":13}},"10":{"start":{"line":24,"column":26},"end":{"line":35,"column":1}},"11":{"start":{"line":25,"column":18},"end":{"line":25,"column":20}},"12":{"start":{"line":27,"column":2},"end":{"line":33,"column":3}},"13":{"start":{"line":27,"column":15},"end":{"line":27,"column":16}},"14":{"start":{"line":28,"column":4},"end":{"line":28,"column":20}},"15":{"start":{"line":30,"column":4},"end":{"line":32,"column":5}},"16":{"start":{"line":30,"column":17},"end":{"line":30,"column":18}},"17":{"start":{"line":31,"column":6},"end":{"line":31,"column":49}},"18":{"start":{"line":34,"column":2},"end":{"line":34,"column":17}},"19":{"start":{"line":37,"column":25},"end":{"line":46,"column":1}},"20":{"start":{"line":38,"column":18},"end":{"line":38,"column":27}},"21":{"start":{"line":40,"column":2},"end":{"line":44,"column":3}},"22":{"start":{"line":40,"column":15},"end":{"line":40,"column":16}},"23":{"start":{"line":41,"column":4},"end":{"line":43,"column":5}},"24":{"start":{"line":41,"column":17},"end":{"line":41,"column":18}},"25":{"start":{"line":42,"column":6},"end":{"line":42,"column":65}},"26":{"start":{"line":45,"column":2},"end":{"line":45,"column":17}},"27":{"start":{"line":50,"column":30},"end":{"line":66,"column":1}},"28":{"start":{"line":51,"column":2},"end":{"line":64,"column":3}},"29":{"start":{"line":51,"column":15},"end":{"line":51,"column":16}},"30":{"start":{"line":52,"column":4},"end":{"line":63,"column":5}},"31":{"start":{"line":52,"column":17},"end":{"line":52,"column":18}},"32":{"start":{"line":53,"column":6},"end":{"line":62,"column":7}},"33":{"start":{"line":54,"column":8},"end":{"line":61,"column":9}},"34":{"start":{"line":60,"column":10},"end":{"line":60,"column":22}},"35":{"start":{"line":65,"column":2},"end":{"line":65,"column":15}},"36":{"start":{"line":70,"column":26},"end":{"line":94,"column":1}},"37":{"start":{"line":71,"column":2},"end":{"line":84,"column":5}},"38":{"start":{"line":72,"column":20},"end":{"line":72,"column":33}},"39":{"start":{"line":74,"column":4},"end":{"line":82,"column":5}},"40":{"start":{"line":74,"column":17},"end":{"line":74,"column":18}},"41":{"start":{"line":75,"column":6},"end":{"line":81,"column":7}},"42":{"start":{"line":75,"column":19},"end":{"line":75,"column":20}},"43":{"start":{"line":76,"column":8},"end":{"line":80,"column":9}},"44":{"start":{"line":77,"column":10},"end":{"line":79,"column":41}},"45":{"start":{"line":83,"column":4},"end":{"line":83,"column":19}},"46":{"start":{"line":85,"column":2},"end":{"line":93,"column":5}},"47":{"start":{"line":86,"column":4},"end":{"line":92,"column":6}}},"fnMap":{"0":{"name":"(anonymous_0)","decl":{"start":{"line":5,"column":39},"end":{"line":5,"column":40}},"loc":{"start":{"line":5,"column":45},"end":{"line":10,"column":1}},"line":5},"1":{"name":"(anonymous_1)","decl":{"start":{"line":12,"column":37},"end":{"line":12,"column":38}},"loc":{"start":{"line":12,"column":43},"end":{"line":20,"column":1}},"line":12},"2":{"name":"(anonymous_2)","decl":{"start":{"line":24,"column":26},"end":{"line":24,"column":27}},"loc":{"start":{"line":24,"column":32},"end":{"line":35,"column":1}},"line":24},"3":{"name":"(anonymous_3)","decl":{"start":{"line":37,"column":25},"end":{"line":37,"column":26}},"loc":{"start":{"line":37,"column":35},"end":{"line":46,"column":1}},"line":37},"4":{"name":"(anonymous_4)","decl":{"start":{"line":50,"column":30},"end":{"line":50,"column":31}},"loc":{"start":{"line":50,"column":63},"end":{"line":66,"column":1}},"line":50},"5":{"name":"(anonymous_5)","decl":{"start":{"line":70,"column":26},"end":{"line":70,"column":27}},"loc":{"start":{"line":70,"column":72},"end":{"line":94,"column":1}},"line":70},"6":{"name":"(anonymous_6)","decl":{"start":{"line":71,"column":10},"end":{"line":71,"column":11}},"loc":{"start":{"line":71,"column":24},"end":{"line":84,"column":3}},"line":71},"7":{"name":"(anonymous_7)","decl":{"start":{"line":85,"column":11},"end":{"line":85,"column":12}},"loc":{"start":{"line":85,"column":26},"end":{"line":93,"column":3}},"line":85}},"branchMap":{"0":{"loc":{"start":{"line":42,"column":28},"end":{"line":42,"column":64}},"type":"cond-expr","locations":[{"start":{"line":42,"column":59},"end":{"line":42,"column":60}},{"start":{"line":42,"column":63},"end":{"line":42,"column":64}}],"line":42},"1":{"loc":{"start":{"line":53,"column":6},"end":{"line":62,"column":7}},"type":"if","locations":[{"start":{"line":53,"column":6},"end":{"line":62,"column":7}},{"start":{"line":53,"column":6},"end":{"line":62,"column":7}}],"line":53},"2":{"loc":{"start":{"line":54,"column":8},"end":{"line":61,"column":9}},"type":"if","locations":[{"start":{"line":54,"column":8},"end":{"line":61,"column":9}},{"start":{"line":54,"column":8},"end":{"line":61,"column":9}}],"line":54},"3":{"loc":{"start":{"line":55,"column":10},"end":{"line":58,"column":11}},"type":"binary-expr","locations":[{"start":{"line":55,"column":10},"end":{"line":55,"column":48}},{"start":{"line":56,"column":10},"end":{"line":58,"column":11}}],"line":55},"4":{"loc":{"start":{"line":76,"column":8},"end":{"line":80,"column":9}},"type":"if","locations":[{"start":{"line":76,"column":8},"end":{"line":80,"column":9}},{"start":{"line":76,"column":8},"end":{"line":80,"column":9}}],"line":76}},"s":{"0":1,"1":28,"2":28,"3":28,"4":1,"5":4,"6":4,"7":4,"8":28,"9":4,"10":1,"11":6,"12":6,"13":6,"14":240,"15":240,"16":240,"17":2400,"18":6,"19":1,"20":1,"21":1,"22":1,"23":3,"24":3,"25":9,"26":1,"27":1,"28":0,"29":0,"30":0,"31":0,"32":0,"33":0,"34":0,"35":0,"36":1,"37":0,"38":0,"39":0,"40":0,"41":0,"42":0,"43":0,"44":0,"45":0,"46":0,"47":0},"f":{"0":28,"1":4,"2":6,"3":1,"4":0,"5":0,"6":0,"7":0},"b":{"0":[8,1],"1":[0,0],"2":[0,0],"3":[0,0],"4":[0,0]},"_coverageSchema":"1a1c01bbd47fc00a2c39e90264f33305004495a9","hash":"1059011dbb5bb0b4984722ed1cdcb686c08eb87b"}
,"G:\\Programming Projects\\React Native\\tetrisRN\\src\\tetriminos.js": {"path":"G:\\Programming Projects\\React Native\\tetrisRN\\src\\tetriminos.js","statementMap":{"0":{"start":{"line":1,"column":19},"end":{"line":165,"column":1}}},"fnMap":{},"branchMap":{},"s":{"0":1},"f":{},"b":{},"_coverageSchema":"1a1c01bbd47fc00a2c39e90264f33305004495a9","hash":"e429732cc12c00d850d10a802dd376a944d7f514"}
,"G:\\Programming Projects\\React Native\\tetrisRN\\src\\screens\\Tetris.js": {"path":"G:\\Programming Projects\\React Native\\tetrisRN\\src\\screens\\Tetris.js","statementMap":{"0":{"start":{"line":12,"column":15},"end":{"line":81,"column":1}},"1":{"start":{"line":13,"column":36},"end":{"line":13,"column":69}},"2":{"start":{"line":15,"column":28},"end":{"line":18,"column":4}},"3":{"start":{"line":20,"column":26},"end":{"line":20,"column":48}},"4":{"start":{"line":22,"column":38},"end":{"line":22,"column":53}},"5":{"start":{"line":30,"column":24},"end":{"line":53,"column":3}},"6":{"start":{"line":31,"column":4},"end":{"line":33,"column":5}},"7":{"start":{"line":32,"column":6},"end":{"line":32,"column":76}},"8":{"start":{"line":32,"column":32},"end":{"line":32,"column":74}},"9":{"start":{"line":35,"column":17},"end":{"line":35,"column":55}},"10":{"start":{"line":35,"column":37},"end":{"line":35,"column":54}},"11":{"start":{"line":37,"column":4},"end":{"line":52,"column":5}},"12":{"start":{"line":38,"column":6},"end":{"line":38,"column":26}},"13":{"start":{"line":40,"column":6},"end":{"line":43,"column":14}},"14":{"start":{"line":42,"column":8},"end":{"line":42,"column":29}},"15":{"start":{"line":45,"column":19},"end":{"line":45,"column":56}},"16":{"start":{"line":46,"column":24},"end":{"line":46,"column":76}},"17":{"start":{"line":48,"column":6},"end":{"line":51,"column":7}},"18":{"start":{"line":49,"column":8},"end":{"line":49,"column":51}},"19":{"start":{"line":49,"column":30},"end":{"line":49,"column":49}},"20":{"start":{"line":50,"column":8},"end":{"line":50,"column":70}},"21":{"start":{"line":55,"column":2},"end":{"line":80,"column":4}},"22":{"start":{"line":59,"column":10},"end":{"line":76,"column":12}},"23":{"start":{"line":63,"column":18},"end":{"line":72,"column":20}},"24":{"start":{"line":83,"column":15},"end":{"line":103,"column":2}}},"fnMap":{"0":{"name":"(anonymous_0)","decl":{"start":{"line":12,"column":15},"end":{"line":12,"column":16}},"loc":{"start":{"line":12,"column":21},"end":{"line":81,"column":1}},"line":12},"1":{"name":"(anonymous_1)","decl":{"start":{"line":30,"column":24},"end":{"line":30,"column":25}},"loc":{"start":{"line":30,"column":39},"end":{"line":53,"column":3}},"line":30},"2":{"name":"(anonymous_2)","decl":{"start":{"line":32,"column":19},"end":{"line":32,"column":20}},"loc":{"start":{"line":32,"column":32},"end":{"line":32,"column":74}},"line":32},"3":{"name":"(anonymous_3)","decl":{"start":{"line":35,"column":30},"end":{"line":35,"column":31}},"loc":{"start":{"line":35,"column":37},"end":{"line":35,"column":54}},"line":35},"4":{"name":"(anonymous_4)","decl":{"start":{"line":40,"column":17},"end":{"line":40,"column":18}},"loc":{"start":{"line":40,"column":23},"end":{"line":43,"column":7}},"line":40},"5":{"name":"(anonymous_5)","decl":{"start":{"line":49,"column":16},"end":{"line":49,"column":17}},"loc":{"start":{"line":49,"column":30},"end":{"line":49,"column":49}},"line":49},"6":{"name":"(anonymous_6)","decl":{"start":{"line":58,"column":18},"end":{"line":58,"column":19}},"loc":{"start":{"line":58,"column":37},"end":{"line":77,"column":9}},"line":58},"7":{"name":"(anonymous_7)","decl":{"start":{"line":62,"column":25},"end":{"line":62,"column":26}},"loc":{"start":{"line":63,"column":18},"end":{"line":72,"column":20}},"line":63}},"branchMap":{"0":{"loc":{"start":{"line":31,"column":4},"end":{"line":33,"column":5}},"type":"if","locations":[{"start":{"line":31,"column":4},"end":{"line":33,"column":5}},{"start":{"line":31,"column":4},"end":{"line":33,"column":5}}],"line":31},"1":{"loc":{"start":{"line":37,"column":4},"end":{"line":52,"column":5}},"type":"if","locations":[{"start":{"line":37,"column":4},"end":{"line":52,"column":5}},{"start":{"line":37,"column":4},"end":{"line":52,"column":5}}],"line":37},"2":{"loc":{"start":{"line":45,"column":19},"end":{"line":45,"column":56}},"type":"cond-expr","locations":[{"start":{"line":45,"column":50},"end":{"line":45,"column":51}},{"start":{"line":45,"column":54},"end":{"line":45,"column":56}}],"line":45},"3":{"loc":{"start":{"line":45,"column":19},"end":{"line":45,"column":47}},"type":"binary-expr","locations":[{"start":{"line":45,"column":19},"end":{"line":45,"column":23}},{"start":{"line":45,"column":27},"end":{"line":45,"column":47}}],"line":45},"4":{"loc":{"start":{"line":48,"column":6},"end":{"line":51,"column":7}},"type":"if","locations":[{"start":{"line":48,"column":6},"end":{"line":51,"column":7}},{"start":{"line":48,"column":6},"end":{"line":51,"column":7}}],"line":48},"5":{"loc":{"start":{"line":48,"column":10},"end":{"line":48,"column":35}},"type":"binary-expr","locations":[{"start":{"line":48,"column":10},"end":{"line":48,"column":21}},{"start":{"line":48,"column":25},"end":{"line":48,"column":35}}],"line":48},"6":{"loc":{"start":{"line":60,"column":12},"end":{"line":75,"column":13}},"type":"binary-expr","locations":[{"start":{"line":60,"column":12},"end":{"line":60,"column":26}},{"start":{"line":61,"column":14},"end":{"line":74,"column":21}}],"line":60},"7":{"loc":{"start":{"line":66,"column":22},"end":{"line":68,"column":52}},"type":"cond-expr","locations":[{"start":{"line":67,"column":26},"end":{"line":67,"column":66}},{"start":{"line":68,"column":26},"end":{"line":68,"column":52}}],"line":66}},"s":{"0":1,"1":4,"2":4,"3":4,"4":4,"5":4,"6":0,"7":0,"8":0,"9":0,"10":0,"11":0,"12":0,"13":0,"14":0,"15":0,"16":0,"17":0,"18":0,"19":0,"20":0,"21":4,"22":160,"23":800,"24":1},"f":{"0":4,"1":0,"2":0,"3":0,"4":0,"5":0,"6":160,"7":800},"b":{"0":[0,0],"1":[0,0],"2":[0,0],"3":[0,0],"4":[0,0],"5":[0,0],"6":[160,80],"7":[0,800]},"_coverageSchema":"1a1c01bbd47fc00a2c39e90264f33305004495a9","hash":"32aa7e52153be2365d6d8c1a7c179d3bd6ea56d2"}
}
