TN:
SF:App.js
FN:5,(anonymous_0)
FNF:1
FNH:1
FNDA:1,(anonymous_0)
DA:5,1
DA:6,1
LF:2
LH:2
BRF:0
BRH:0
end_of_record
TN:
SF:src\logic.js
FN:5,(anonymous_0)
FN:12,(anonymous_1)
FN:24,(anonymous_2)
FN:39,(anonymous_3)
FN:59,(anonymous_4)
FN:60,(anonymous_5)
FNF:6
FNH:3
FNDA:28,(anonymous_0)
FNDA:4,(anonymous_1)
FNDA:4,(anonymous_2)
FNDA:0,(anonymous_3)
FNDA:0,(anonymous_4)
FNDA:0,(anonymous_5)
DA:5,1
DA:6,28
DA:8,28
DA:9,28
DA:12,1
DA:13,4
DA:15,4
DA:16,28
DA:19,4
DA:24,1
DA:25,4
DA:27,4
DA:28,160
DA:30,160
DA:31,1600
DA:34,4
DA:39,1
DA:40,0
DA:41,0
DA:42,0
DA:43,0
DA:49,0
DA:54,0
DA:59,1
DA:60,0
DA:61,0
LF:26
LH:18
BRDA:42,0,0,0
BRDA:42,0,1,0
BRDA:43,1,0,0
BRDA:43,1,1,0
BRDA:44,2,0,0
BRDA:44,2,1,0
BRF:6
BRH:0
end_of_record
TN:
SF:src\tetriminos.js
FNF:0
FNH:0
DA:1,1
LF:1
LH:1
BRF:0
BRH:0
end_of_record
TN:
SF:src\screens\Tetris.js
FN:11,(anonymous_0)
FN:27,(anonymous_1)
FN:29,(anonymous_2)
FN:32,(anonymous_3)
FN:44,(anonymous_4)
FN:45,(anonymous_5)
FN:55,(anonymous_6)
FN:59,(anonymous_7)
FNF:8
FNH:5
FNDA:4,(anonymous_0)
FNDA:0,(anonymous_1)
FNDA:0,(anonymous_2)
FNDA:0,(anonymous_3)
FNDA:12,(anonymous_4)
FNDA:48,(anonymous_5)
FNDA:160,(anonymous_6)
FNDA:800,(anonymous_7)
DA:11,1
DA:12,4
DA:14,4
DA:19,4
DA:27,4
DA:28,0
DA:29,0
DA:32,0
DA:34,0
DA:35,0
DA:36,0
DA:38,0
DA:39,0
DA:44,4
DA:45,12
DA:46,48
DA:47,16
DA:52,4
DA:56,160
DA:60,800
DA:80,1
LF:21
LH:13
BRDA:28,0,0,0
BRDA:28,0,1,0
BRDA:34,1,0,0
BRDA:34,1,1,0
BRDA:35,2,0,0
BRDA:35,2,1,0
BRDA:35,3,0,0
BRDA:35,3,1,0
BRDA:38,4,0,0
BRDA:38,4,1,0
BRDA:46,5,0,16
BRDA:46,5,1,32
BRDA:57,6,0,160
BRDA:57,6,1,80
BRDA:63,7,0,16
BRDA:63,7,1,784
BRF:16
BRH:6
end_of_record
