TN:
SF:App.js
FN:5,(anonymous_0)
FNF:1
FNH:1
FNDA:1,(anonymous_0)
DA:5,1
DA:6,1
LF:2
LH:2
BRF:0
BRH:0
end_of_record
TN:
SF:src\logic.js
FN:5,(anonymous_0)
FN:12,(anonymous_1)
FN:24,(anonymous_2)
FN:37,(anonymous_3)
FN:50,(anonymous_4)
FN:70,(anonymous_5)
FN:71,(anonymous_6)
FN:85,(anonymous_7)
FNF:8
FNH:4
FNDA:28,(anonymous_0)
FNDA:4,(anonymous_1)
FNDA:6,(anonymous_2)
FNDA:1,(anonymous_3)
FNDA:0,(anonymous_4)
FNDA:0,(anonymous_5)
FNDA:0,(anonymous_6)
FNDA:0,(anonymous_7)
DA:5,1
DA:6,28
DA:8,28
DA:9,28
DA:12,1
DA:13,4
DA:15,4
DA:16,28
DA:19,4
DA:24,1
DA:25,6
DA:27,6
DA:28,240
DA:30,240
DA:31,2400
DA:34,6
DA:37,1
DA:38,1
DA:40,1
DA:41,3
DA:42,9
DA:45,1
DA:50,1
DA:51,0
DA:52,0
DA:53,0
DA:54,0
DA:60,0
DA:65,0
DA:70,1
DA:71,0
DA:72,0
DA:74,0
DA:75,0
DA:76,0
DA:77,0
DA:83,0
DA:85,0
DA:86,0
LF:39
LH:24
BRDA:42,0,0,8
BRDA:42,0,1,1
BRDA:53,1,0,0
BRDA:53,1,1,0
BRDA:54,2,0,0
BRDA:54,2,1,0
BRDA:55,3,0,0
BRDA:55,3,1,0
BRDA:76,4,0,0
BRDA:76,4,1,0
BRF:10
BRH:2
end_of_record
TN:
SF:src\tetriminos.js
FNF:0
FNH:0
DA:1,1
LF:1
LH:1
BRF:0
BRH:0
end_of_record
TN:
SF:src\screens\Tetris.js
FN:12,(anonymous_0)
FN:30,(anonymous_1)
FN:32,(anonymous_2)
FN:35,(anonymous_3)
FN:40,(anonymous_4)
FN:49,(anonymous_5)
FN:58,(anonymous_6)
FN:62,(anonymous_7)
FNF:8
FNH:3
FNDA:4,(anonymous_0)
FNDA:0,(anonymous_1)
FNDA:0,(anonymous_2)
FNDA:0,(anonymous_3)
FNDA:0,(anonymous_4)
FNDA:0,(anonymous_5)
FNDA:160,(anonymous_6)
FNDA:800,(anonymous_7)
DA:12,1
DA:13,4
DA:15,4
DA:20,4
DA:22,4
DA:30,4
DA:31,0
DA:32,0
DA:35,0
DA:37,0
DA:38,0
DA:40,0
DA:42,0
DA:45,0
DA:46,0
DA:48,0
DA:49,0
DA:50,0
DA:55,4
DA:59,160
DA:63,800
DA:83,1
LF:22
LH:10
BRDA:31,0,0,0
BRDA:31,0,1,0
BRDA:37,1,0,0
BRDA:37,1,1,0
BRDA:45,2,0,0
BRDA:45,2,1,0
BRDA:45,3,0,0
BRDA:45,3,1,0
BRDA:48,4,0,0
BRDA:48,4,1,0
BRDA:48,5,0,0
BRDA:48,5,1,0
BRDA:60,6,0,160
BRDA:60,6,1,80
BRDA:66,7,0,0
BRDA:66,7,1,800
BRF:16
BRH:3
end_of_record
